CRITICAL - 2022-06-29 15:35:52 --> syntax error, unexpected '/'
in APPPATH\Controllers\User.php on line 359.
 1 SYSTEMPATH\Router\Router.php(499): CodeIgniter\Router\AutoRouter->getRoute('user')
 2 SYSTEMPATH\Router\Router.php(205): CodeIgniter\Router\Router->autoRoute('user')
 3 SYSTEMPATH\CodeIgniter.php(773): CodeIgniter\Router\Router->handle('user')
 4 SYSTEMPATH\CodeIgniter.php(417): CodeIgniter\CodeIgniter->tryToRouteIt(Object(CodeIgniter\Router\RouteCollection))
 5 SYSTEMPATH\CodeIgniter.php(351): CodeIgniter\CodeIgniter->handleRequest(null, Object(Config\Cache), false)
 6 FCPATH\index.php(55): CodeIgniter\CodeIgniter->run()
CRITICAL - 2022-06-29 15:37:14 --> Call to a member function orderBy() on array
in APPPATH\Controllers\User.php on line 32.
 1 SYSTEMPATH\CodeIgniter.php(898): App\Controllers\User->index()
 2 SYSTEMPATH\CodeIgniter.php(468): CodeIgniter\CodeIgniter->runController(Object(App\Controllers\User))
 3 SYSTEMPATH\CodeIgniter.php(351): CodeIgniter\CodeIgniter->handleRequest(null, Object(Config\Cache), false)
 4 FCPATH\index.php(55): CodeIgniter\CodeIgniter->run()
CRITICAL - 2022-06-29 15:38:20 --> Call to a member function orderBy() on array
in APPPATH\Controllers\User.php on line 32.
 1 SYSTEMPATH\CodeIgniter.php(898): App\Controllers\User->index()
 2 SYSTEMPATH\CodeIgniter.php(468): CodeIgniter\CodeIgniter->runController(Object(App\Controllers\User))
 3 SYSTEMPATH\CodeIgniter.php(351): CodeIgniter\CodeIgniter->handleRequest(null, Object(Config\Cache), false)
 4 FCPATH\index.php(55): CodeIgniter\CodeIgniter->run()
CRITICAL - 2022-06-29 16:36:06 --> Invalid argument supplied for foreach()
in APPPATH\Views\pages\profile\index.php on line 300.
 1 APPPATH\Views\pages\profile\index.php(300): CodeIgniter\Debug\Exceptions->errorHandler(2, 'Invalid argument supplied for foreach()', 'APPPATH\\Views\\pages\\profile\\index.php', 300, [...])
 2 SYSTEMPATH\View\View.php(213): include('APPPATH\\Views\\pages\\profile\\index.php')
 3 SYSTEMPATH\View\View.php(216): CodeIgniter\View\View->CodeIgniter\View\{closure}()
 4 SYSTEMPATH\Common.php(1135): CodeIgniter\View\View->render('pages/profile/index', [], true)
 5 APPPATH\Controllers\Profile.php(133): view('pages/profile/index', [...])
 6 SYSTEMPATH\CodeIgniter.php(898): App\Controllers\Profile->index()
 7 SYSTEMPATH\CodeIgniter.php(468): CodeIgniter\CodeIgniter->runController(Object(App\Controllers\Profile))
 8 SYSTEMPATH\CodeIgniter.php(351): CodeIgniter\CodeIgniter->handleRequest(null, Object(Config\Cache), false)
 9 FCPATH\index.php(55): CodeIgniter\CodeIgniter->run()
